This is pdfTeX, Version 3.1415926-2.3-1.40.12 (MiKTeX 2.9) (preloaded format=pdflatex 2011.8.17)  2 MAY 2012 13:54
entering extended mode
**C:/Users/Shishir/Masters*Thesis/ncsuthesis-0.4/YourName-thesis.tex
("C:/Users/Shishir/Masters Thesis/ncsuthesis-0.4/YourName-thesis.tex"
LaTeX2e <2011/06/27>
Babel <v3.8m> and hyphenation patterns for english, afrikaans, ancientgreek, ar
abic, armenian, assamese, basque, bengali, bokmal, bulgarian, catalan, coptic, 
croatian, czech, danish, dutch, esperanto, estonian, farsi, finnish, french, ga
lician, german, german-x-2009-06-19, greek, gujarati, hindi, hungarian, iceland
ic, indonesian, interlingua, irish, italian, kannada, kurmanji, lao, latin, lat
vian, lithuanian, malayalam, marathi, mongolian, mongolianlmc, monogreek, ngerm
an, ngerman-x-2009-06-19, nynorsk, oriya, panjabi, pinyin, polish, portuguese, 
romanian, russian, sanskrit, serbian, slovak, slovenian, spanish, swedish, swis
sgerman, tamil, telugu, turkish, turkmen, ukenglish, ukrainian, uppersorbian, u
senglishmax, welsh, loaded.
("C:\Users\Shishir\Masters Thesis\ncsuthesis-0.4\ncsuthesis.cls"
Document Class: ncsuthesis 2012/01/26 v0.4 NC State ETD conformant thesis class

("C:\Program Files (x86)\MiKTeX 2.9\tex\latex\base\book.cls"
Document Class: book 2007/10/19 v1.4h Standard LaTeX document class
("C:\Program Files (x86)\MiKTeX 2.9\tex\latex\base\bk12.clo"
File: bk12.clo 2007/10/19 v1.4h Standard LaTeX file (size option)
)
\c@part=\count79
\c@chapter=\count80
\c@section=\count81
\c@subsection=\count82
\c@subsubsection=\count83
\c@paragraph=\count84
\c@subparagraph=\count85
\c@figure=\count86
\c@table=\count87
\abovecaptionskip=\skip41
\belowcaptionskip=\skip42
\bibindent=\dimen102
)
("C:\Program Files (x86)\MiKTeX 2.9\tex\latex\setspace\setspace.sty"
Package: setspace 2011/12/19 v6.7a set line spacing
)
("C:\Program Files (x86)\MiKTeX 2.9\tex\latex\hyphenat\hyphenat.sty"
Package: hyphenat 2009/09/02 v2.3c hyphenation utilities
\langwohyphens=\language70
LaTeX Info: Redefining \_ on input line 43.
)
("C:\Program Files (x86)\MiKTeX 2.9\tex\latex\nolbreaks\nolbreaks.sty"
Package: nolbreaks 2002/09/19  v 1.0  - no linebreaks in text
\nb@counter=\count88
)
("C:\Program Files (x86)\MiKTeX 2.9\tex\latex\base\ifthen.sty"
Package: ifthen 2001/05/26 v1.1c Standard LaTeX ifthen package (DPC)
)
("C:\Program Files (x86)\MiKTeX 2.9\tex\latex\sectsty\sectsty.sty"
Package: sectsty 2002/02/25 v2.0.2 Commands to change all sectional heading sty
les
)
("C:\Program Files (x86)\MiKTeX 2.9\tex\latex\tocloft\tocloft.sty"
Package: tocloft 2010/10/13 v2.3e parameterised ToC, etc., typesetting
Package tocloft Info: The document has chapter divisions on input line 43.
\cftparskip=\skip43
\cftbeforetoctitleskip=\skip44
\cftaftertoctitleskip=\skip45
\cftbeforepartskip=\skip46
\cftpartnumwidth=\skip47
\cftpartindent=\skip48
\cftbeforechapskip=\skip49
\cftchapindent=\skip50
\cftchapnumwidth=\skip51
\cftbeforesecskip=\skip52
\cftsecindent=\skip53
\cftsecnumwidth=\skip54
\cftbeforesubsecskip=\skip55
\cftsubsecindent=\skip56
\cftsubsecnumwidth=\skip57
\cftbeforesubsubsecskip=\skip58
\cftsubsubsecindent=\skip59
\cftsubsubsecnumwidth=\skip60
\cftbeforeparaskip=\skip61
\cftparaindent=\skip62
\cftparanumwidth=\skip63
\cftbeforesubparaskip=\skip64
\cftsubparaindent=\skip65
\cftsubparanumwidth=\skip66
\cftbeforeloftitleskip=\skip67
\cftafterloftitleskip=\skip68
\cftbeforefigskip=\skip69
\cftfigindent=\skip70
\cftfignumwidth=\skip71
\c@lofdepth=\count89
\c@lotdepth=\count90
\cftbeforelottitleskip=\skip72
\cftafterlottitleskip=\skip73
\cftbeforetabskip=\skip74
\cfttabindent=\skip75
\cfttabnumwidth=\skip76
)
("C:\Program Files (x86)\MiKTeX 2.9\tex\latex\graphics\graphicx.sty"
Package: graphicx 1999/02/16 v1.0f Enhanced LaTeX Graphics (DPC,SPQR)

("C:\Program Files (x86)\MiKTeX 2.9\tex\latex\graphics\keyval.sty"
Package: keyval 1999/03/16 v1.13 key=value parser (DPC)
\KV@toks@=\toks14
)
("C:\Program Files (x86)\MiKTeX 2.9\tex\latex\graphics\graphics.sty"
Package: graphics 2009/02/05 v1.0o Standard LaTeX Graphics (DPC,SPQR)

("C:\Program Files (x86)\MiKTeX 2.9\tex\latex\graphics\trig.sty"
Package: trig 1999/03/16 v1.09 sin cos tan (DPC)
)
("C:\Program Files (x86)\MiKTeX 2.9\tex\latex\00miktex\graphics.cfg"
File: graphics.cfg 2007/01/18 v1.5 graphics configuration of teTeX/TeXLive
)
Package graphics Info: Driver file: pdftex.def on input line 91.

("C:\Program Files (x86)\MiKTeX 2.9\tex\latex\pdftex-def\pdftex.def"
File: pdftex.def 2011/05/27 v0.06d Graphics/color for pdfTeX

("C:\Program Files (x86)\MiKTeX 2.9\tex\generic\oberdiek\infwarerr.sty"
Package: infwarerr 2010/04/08 v1.3 Providing info/warning/message (HO)
)
("C:\Program Files (x86)\MiKTeX 2.9\tex\generic\oberdiek\ltxcmds.sty"
Package: ltxcmds 2011/04/18 v1.20 LaTeX kernel commands for general use (HO)
)
\Gread@gobject=\count91
))
\Gin@req@height=\dimen103
\Gin@req@width=\dimen104
)
("C:\Program Files (x86)\MiKTeX 2.9\tex\latex\tocbibind\tocbibind.sty"
Package: tocbibind 2010/10/13 v1.5k extra ToC listings
Package tocbibind Info: The document has chapter divisions on input line 50.


Package tocbibind Note: Using chapter style headings, unless overridden.

) ("C:\Program Files (x86)\MiKTeX 2.9\tex\latex\tools\calc.sty"
Package: calc 2007/08/22 v4.3 Infix arithmetic (KKT,FJ)
\calc@Acount=\count92
\calc@Bcount=\count93
\calc@Adimen=\dimen105
\calc@Bdimen=\dimen106
\calc@Askip=\skip77
\calc@Bskip=\skip78
LaTeX Info: Redefining \setlength on input line 76.
LaTeX Info: Redefining \addtolength on input line 77.
\calc@Ccount=\count94
\calc@Cskip=\skip79
)
\ncsu@capitalheight=\skip80
\ncsu@lineheight=\skip81
\ncsu@leading=\skip82
\ncsu@footskip=\skip83

("C:\Program Files (x86)\MiKTeX 2.9\tex\latex\geometry\geometry.sty"
Package: geometry 2010/09/12 v5.6 Page Geometry

("C:\Program Files (x86)\MiKTeX 2.9\tex\generic\oberdiek\ifpdf.sty"
Package: ifpdf 2011/01/30 v2.3 Provides the ifpdf switch (HO)
Package ifpdf Info: pdfTeX in PDF mode is detected.
)
("C:\Program Files (x86)\MiKTeX 2.9\tex\generic\oberdiek\ifvtex.sty"
Package: ifvtex 2010/03/01 v1.5 Switches for detecting VTeX and its modes (HO)
Package ifvtex Info: VTeX not detected.
)
("C:\Program Files (x86)\MiKTeX 2.9\tex\generic\ifxetex\ifxetex.sty"
Package: ifxetex 2010/09/12 v0.6 Provides ifxetex conditional
)
\Gm@cnth=\count95
\Gm@cntv=\count96
\c@Gm@tempcnt=\count97
\Gm@bindingoffset=\dimen107
\Gm@wd@mp=\dimen108
\Gm@odd@mp=\dimen109
\Gm@even@mp=\dimen110
\Gm@layoutwidth=\dimen111
\Gm@layoutheight=\dimen112
\Gm@layouthoffset=\dimen113
\Gm@layoutvoffset=\dimen114
\Gm@dimlist=\toks15

("C:\Program Files (x86)\MiKTeX 2.9\tex\latex\geometry\geometry.cfg"))
\ncsu@afterschapsep=\skip84
\ncsu@afterschapbeforeleadingsep=\skip85

("C:\Program Files (x86)\MiKTeX 2.9\tex\latex\oberdiek\pdflscape.sty"
Package: pdflscape 2008/08/11 v0.10 Landscape pages in PDF (HO)

("C:\Program Files (x86)\MiKTeX 2.9\tex\latex\graphics\lscape.sty"
Package: lscape 2000/10/22 v3.01 Landscape Pages (DPC)
)
Package pdflscape Info: Auto-detected driver: pdftex on input line 80.
)
("C:\Program Files (x86)\MiKTeX 2.9\tex\latex\fancyhdr\fancyhdr.sty"
\fancy@headwidth=\skip86
\f@ncyO@elh=\skip87
\f@ncyO@erh=\skip88
\f@ncyO@olh=\skip89
\f@ncyO@orh=\skip90
\f@ncyO@elf=\skip91
\f@ncyO@erf=\skip92
\f@ncyO@olf=\skip93
\f@ncyO@orf=\skip94
)
("C:\Program Files (x86)\MiKTeX 2.9\tex\latex\rotating\rotating.sty"
Package: rotating 2009/03/28 v2.16a rotated objects in LaTeX
\c@r@tfl@t=\count98
\rotFPtop=\skip95
\rotFPbot=\skip96
\rot@float@box=\box26
\rot@mess@toks=\toks16
)
\portraittextheight=\skip97
\portraittextwidth=\skip98

("C:\Program Files (x86)\MiKTeX 2.9\tex\latex\tools\afterpage.sty"
Package: afterpage 1995/10/27 v1.08 After-Page Package (DPC)
\AP@output=\toks17
\AP@partial=\box27
\AP@footins=\box28
)
("C:\Users\Shishir\Masters Thesis\ncsuthesis-0.4\changepage.sty"
Package: changepage 2009/10/20 v1.0c check page and change page layout
\c@cp@cntr=\count99
\cp@tempcnt=\count100
)
("C:\Program Files (x86)\MiKTeX 2.9\tex\latex\caption\caption.sty"
Package: caption 2011/08/18 v3.2b Customizing captions (AR)

("C:\Program Files (x86)\MiKTeX 2.9\tex\latex\caption\caption3.sty"
Package: caption3 2011/08/18 v1.3b caption3 kernel (AR)
\captionmargin=\dimen115
\captionmargin@=\dimen116
\captionwidth=\dimen117
\caption@indent=\dimen118
\caption@parindent=\dimen119
\caption@hangindent=\dimen120
)
\c@ContinuedFloat=\count101
Package caption Info: rotating package is loaded.
)
\appendixwidth=\skip99

("C:\Users\Shishir\Masters Thesis\ncsuthesis-0.4\totcount.sty"
Package: totcount 2009/07/09 v1.1 package for gettingthe total value of LaTeX c
ounters
)
\c@chapter@totc=\count102
)
("C:\Program Files (x86)\MiKTeX 2.9\tex\latex\booktabs\booktabs.sty"
Package: booktabs 2005/04/14 v1.61803 publication quality tables
\heavyrulewidth=\dimen121
\lightrulewidth=\dimen122
\cmidrulewidth=\dimen123
\belowrulesep=\dimen124
\belowbottomsep=\dimen125
\aboverulesep=\dimen126
\abovetopsep=\dimen127
\cmidrulesep=\dimen128
\cmidrulekern=\dimen129
\defaultaddspace=\dimen130
\@cmidla=\count103
\@cmidlb=\count104
\@aboverulesep=\dimen131
\@belowrulesep=\dimen132
\@thisruleclass=\count105
\@lastruleclass=\count106
\@thisrulewidth=\dimen133
)
("C:\Program Files (x86)\MiKTeX 2.9\tex\latex\ams\math\amsmath.sty"
Package: amsmath 2000/07/18 v2.13 AMS math features
\@mathmargin=\skip100

For additional information on amsmath, use the `?' option.
("C:\Program Files (x86)\MiKTeX 2.9\tex\latex\ams\math\amstext.sty"
Package: amstext 2000/06/29 v2.01

("C:\Program Files (x86)\MiKTeX 2.9\tex\latex\ams\math\amsgen.sty"
File: amsgen.sty 1999/11/30 v2.0
\@emptytoks=\toks18
\ex@=\dimen134
))
("C:\Program Files (x86)\MiKTeX 2.9\tex\latex\ams\math\amsbsy.sty"
Package: amsbsy 1999/11/29 v1.2d
\pmbraise@=\dimen135
)
("C:\Program Files (x86)\MiKTeX 2.9\tex\latex\ams\math\amsopn.sty"
Package: amsopn 1999/12/14 v2.01 operator names
)
\inf@bad=\count107
LaTeX Info: Redefining \frac on input line 211.
\uproot@=\count108
\leftroot@=\count109
LaTeX Info: Redefining \overline on input line 307.
\classnum@=\count110
\DOTSCASE@=\count111
LaTeX Info: Redefining \ldots on input line 379.
LaTeX Info: Redefining \dots on input line 382.
LaTeX Info: Redefining \cdots on input line 467.
\Mathstrutbox@=\box29
\strutbox@=\box30
\big@size=\dimen136
LaTeX Font Info:    Redeclaring font encoding OML on input line 567.
LaTeX Font Info:    Redeclaring font encoding OMS on input line 568.
\macc@depth=\count112
\c@MaxMatrixCols=\count113
\dotsspace@=\muskip10
\c@parentequation=\count114
\dspbrk@lvl=\count115
\tag@help=\toks19
\row@=\count116
\column@=\count117
\maxfields@=\count118
\andhelp@=\toks20
\eqnshift@=\dimen137
\alignsep@=\dimen138
\tagshift@=\dimen139
\tagwidth@=\dimen140
\totwidth@=\dimen141
\lineht@=\dimen142
\@envbody=\toks21
\multlinegap=\skip101
\multlinetaggap=\skip102
\mathdisplay@stack=\toks22
LaTeX Info: Redefining \[ on input line 2666.
LaTeX Info: Redefining \] on input line 2667.
)
("C:\Program Files (x86)\MiKTeX 2.9\tex\latex\base\textcomp.sty"
Package: textcomp 2005/09/27 v1.99g Standard LaTeX package
Package textcomp Info: Sub-encoding information:
(textcomp)               5 = only ISO-Adobe without \textcurrency
(textcomp)               4 = 5 + \texteuro
(textcomp)               3 = 4 + \textohm
(textcomp)               2 = 3 + \textestimated + \textcurrency
(textcomp)               1 = TS1 - \textcircled - \t
(textcomp)               0 = TS1 (full)
(textcomp)             Font families with sub-encoding setting implement
(textcomp)             only a restricted character set as indicated.
(textcomp)             Family '?' is the default used for unknown fonts.
(textcomp)             See the documentation for details.
Package textcomp Info: Setting ? sub-encoding to TS1/1 on input line 71.

("C:\Program Files (x86)\MiKTeX 2.9\tex\latex\base\ts1enc.def"
File: ts1enc.def 2001/06/05 v3.0e (jk/car/fm) Standard LaTeX file
)
LaTeX Info: Redefining \oldstylenums on input line 266.
Package textcomp Info: Setting cmr sub-encoding to TS1/0 on input line 281.
Package textcomp Info: Setting cmss sub-encoding to TS1/0 on input line 282.
Package textcomp Info: Setting cmtt sub-encoding to TS1/0 on input line 283.
Package textcomp Info: Setting cmvtt sub-encoding to TS1/0 on input line 284.
Package textcomp Info: Setting cmbr sub-encoding to TS1/0 on input line 285.
Package textcomp Info: Setting cmtl sub-encoding to TS1/0 on input line 286.
Package textcomp Info: Setting ccr sub-encoding to TS1/0 on input line 287.
Package textcomp Info: Setting ptm sub-encoding to TS1/4 on input line 288.
Package textcomp Info: Setting pcr sub-encoding to TS1/4 on input line 289.
Package textcomp Info: Setting phv sub-encoding to TS1/4 on input line 290.
Package textcomp Info: Setting ppl sub-encoding to TS1/3 on input line 291.
Package textcomp Info: Setting pag sub-encoding to TS1/4 on input line 292.
Package textcomp Info: Setting pbk sub-encoding to TS1/4 on input line 293.
Package textcomp Info: Setting pnc sub-encoding to TS1/4 on input line 294.
Package textcomp Info: Setting pzc sub-encoding to TS1/4 on input line 295.
Package textcomp Info: Setting bch sub-encoding to TS1/4 on input line 296.
Package textcomp Info: Setting put sub-encoding to TS1/5 on input line 297.
Package textcomp Info: Setting uag sub-encoding to TS1/5 on input line 298.
Package textcomp Info: Setting ugq sub-encoding to TS1/5 on input line 299.
Package textcomp Info: Setting ul8 sub-encoding to TS1/4 on input line 300.
Package textcomp Info: Setting ul9 sub-encoding to TS1/4 on input line 301.
Package textcomp Info: Setting augie sub-encoding to TS1/5 on input line 302.
Package textcomp Info: Setting dayrom sub-encoding to TS1/3 on input line 303.
Package textcomp Info: Setting dayroms sub-encoding to TS1/3 on input line 304.

Package textcomp Info: Setting pxr sub-encoding to TS1/0 on input line 305.
Package textcomp Info: Setting pxss sub-encoding to TS1/0 on input line 306.
Package textcomp Info: Setting pxtt sub-encoding to TS1/0 on input line 307.
Package textcomp Info: Setting txr sub-encoding to TS1/0 on input line 308.
Package textcomp Info: Setting txss sub-encoding to TS1/0 on input line 309.
Package textcomp Info: Setting txtt sub-encoding to TS1/0 on input line 310.
Package textcomp Info: Setting lmr sub-encoding to TS1/0 on input line 311.
Package textcomp Info: Setting lmdh sub-encoding to TS1/0 on input line 312.
Package textcomp Info: Setting lmss sub-encoding to TS1/0 on input line 313.
Package textcomp Info: Setting lmssq sub-encoding to TS1/0 on input line 314.
Package textcomp Info: Setting lmvtt sub-encoding to TS1/0 on input line 315.
Package textcomp Info: Setting qhv sub-encoding to TS1/0 on input line 316.
Package textcomp Info: Setting qag sub-encoding to TS1/0 on input line 317.
Package textcomp Info: Setting qbk sub-encoding to TS1/0 on input line 318.
Package textcomp Info: Setting qcr sub-encoding to TS1/0 on input line 319.
Package textcomp Info: Setting qcs sub-encoding to TS1/0 on input line 320.
Package textcomp Info: Setting qpl sub-encoding to TS1/0 on input line 321.
Package textcomp Info: Setting qtm sub-encoding to TS1/0 on input line 322.
Package textcomp Info: Setting qzc sub-encoding to TS1/0 on input line 323.
Package textcomp Info: Setting qhvc sub-encoding to TS1/0 on input line 324.
Package textcomp Info: Setting futs sub-encoding to TS1/4 on input line 325.
Package textcomp Info: Setting futx sub-encoding to TS1/4 on input line 326.
Package textcomp Info: Setting futj sub-encoding to TS1/4 on input line 327.
Package textcomp Info: Setting hlh sub-encoding to TS1/3 on input line 328.
Package textcomp Info: Setting hls sub-encoding to TS1/3 on input line 329.
Package textcomp Info: Setting hlst sub-encoding to TS1/3 on input line 330.
Package textcomp Info: Setting hlct sub-encoding to TS1/5 on input line 331.
Package textcomp Info: Setting hlx sub-encoding to TS1/5 on input line 332.
Package textcomp Info: Setting hlce sub-encoding to TS1/5 on input line 333.
Package textcomp Info: Setting hlcn sub-encoding to TS1/5 on input line 334.
Package textcomp Info: Setting hlcw sub-encoding to TS1/5 on input line 335.
Package textcomp Info: Setting hlcf sub-encoding to TS1/5 on input line 336.
Package textcomp Info: Setting pplx sub-encoding to TS1/3 on input line 337.
Package textcomp Info: Setting pplj sub-encoding to TS1/3 on input line 338.
Package textcomp Info: Setting ptmx sub-encoding to TS1/4 on input line 339.
Package textcomp Info: Setting ptmj sub-encoding to TS1/4 on input line 340.
)
("C:\Program Files (x86)\MiKTeX 2.9\tex\latex\xcolor\xcolor.sty"
Package: xcolor 2007/01/21 v2.11 LaTeX color extensions (UK)

("C:\Program Files (x86)\MiKTeX 2.9\tex\latex\00miktex\color.cfg"
File: color.cfg 2007/01/18 v1.5 color configuration of teTeX/TeXLive
)
Package xcolor Info: Driver file: pdftex.def on input line 225.
Package xcolor Info: Model `cmy' substituted by `cmy0' on input line 1337.
Package xcolor Info: Model `hsb' substituted by `rgb' on input line 1341.
Package xcolor Info: Model `RGB' extended on input line 1353.
Package xcolor Info: Model `HTML' substituted by `rgb' on input line 1355.
Package xcolor Info: Model `Hsb' substituted by `hsb' on input line 1356.
Package xcolor Info: Model `tHsb' substituted by `hsb' on input line 1357.
Package xcolor Info: Model `HSB' substituted by `hsb' on input line 1358.
Package xcolor Info: Model `Gray' substituted by `gray' on input line 1359.
Package xcolor Info: Model `wave' substituted by `hsb' on input line 1360.
)
("C:\Program Files (x86)\MiKTeX 2.9\tex\latex\lipsum\lipsum.sty"
Package: lipsum 2011/04/14 v1.2 150 paragraphs of Lorem Ipsum dummy text
\c@lips@count=\count119
)
("C:\Program Files (x86)\MiKTeX 2.9\tex\latex\subfig\subfig.sty"
Package: subfig 2005/06/28 ver: 1.3 subfig package
\c@KVtest=\count120
\sf@farskip=\skip103
\sf@captopadj=\dimen143
\sf@capskip=\skip104
\sf@nearskip=\skip105
\c@subfigure=\count121
\c@subfigure@save=\count122
\c@subtable=\count123
\c@subtable@save=\count124
\sf@top=\skip106
\sf@bottom=\skip107
)
("C:\Program Files (x86)\MiKTeX 2.9\tex\latex\natbib\natbib.sty"
Package: natbib 2010/09/13 8.31b (PWD, AO)
\bibhang=\skip108
\bibsep=\skip109
LaTeX Info: Redefining \cite on input line 694.
\c@NAT@ctr=\count125
)
("C:\Program Files (x86)\MiKTeX 2.9\tex\latex\listings\listings.sty"
\lst@mode=\count126
\lst@gtempboxa=\box31
\lst@token=\toks23
\lst@length=\count127
\lst@currlwidth=\dimen144
\lst@column=\count128
\lst@pos=\count129
\lst@lostspace=\dimen145
\lst@width=\dimen146
\lst@newlines=\count130
\lst@lineno=\count131
\lst@maxwidth=\dimen147

("C:\Program Files (x86)\MiKTeX 2.9\tex\latex\listings\lstmisc.sty"
File: lstmisc.sty 2007/02/22 1.4 (Carsten Heinz)
\c@lstnumber=\count132
\lst@skipnumbers=\count133
\lst@framebox=\box32
)
("C:\Program Files (x86)\MiKTeX 2.9\tex\latex\listings\listings.cfg"
File: listings.cfg 2007/02/22 1.4 listings configuration
))
Package: listings 2007/02/22 1.4 (Carsten Heinz)

("C:\Users\Shishir\Masters Thesis\ncsuthesis-0.4\YourName-thesis.aux"
("C:\Users\Shishir\Masters Thesis\ncsuthesis-0.4\front.aux")
("C:\Users\Shishir\Masters Thesis\ncsuthesis-0.4\Chapter-1/Chapter-1.aux")
("C:\Users\Shishir\Masters Thesis\ncsuthesis-0.4\Chapter-2/Chapter-2.aux")
("C:\Users\Shishir\Masters Thesis\ncsuthesis-0.4\Chapter-3/Chapter-3.aux")
("C:\Users\Shishir\Masters Thesis\ncsuthesis-0.4\Chapter-4/Chapter-4.aux")
("C:\Users\Shishir\Masters Thesis\ncsuthesis-0.4\Chapter-5/Chapter-5.aux")
("C:\Users\Shishir\Masters Thesis\ncsuthesis-0.4\Chapter-6/Chapter-6.aux")
("C:\Users\Shishir\Masters Thesis\ncsuthesis-0.4\Appendix-A/Appendix-A.aux")
("C:\Users\Shishir\Masters Thesis\ncsuthesis-0.4\Appendix-A/Appendix-B.aux"))
LaTeX Font Info:    Checking defaults for OML/cmm/m/it on input line 113.
LaTeX Font Info:    ... okay on input line 113.
LaTeX Font Info:    Checking defaults for T1/cmr/m/n on input line 113.
LaTeX Font Info:    ... okay on input line 113.
LaTeX Font Info:    Checking defaults for OT1/cmr/m/n on input line 113.
LaTeX Font Info:    ... okay on input line 113.
LaTeX Font Info:    Checking defaults for OMS/cmsy/m/n on input line 113.
LaTeX Font Info:    ... okay on input line 113.
LaTeX Font Info:    Checking defaults for OMX/cmex/m/n on input line 113.
LaTeX Font Info:    ... okay on input line 113.
LaTeX Font Info:    Checking defaults for U/cmr/m/n on input line 113.
LaTeX Font Info:    ... okay on input line 113.
LaTeX Font Info:    Checking defaults for TS1/cmr/m/n on input line 113.
LaTeX Font Info:    Try loading font information for TS1+cmr on input line 113.


("C:\Program Files (x86)\MiKTeX 2.9\tex\latex\base\ts1cmr.fd"
File: ts1cmr.fd 1999/05/25 v2.5h Standard LaTeX font definitions
)
LaTeX Font Info:    ... okay on input line 113.

("C:\Program Files (x86)\MiKTeX 2.9\tex\context\base\supp-pdf.mkii"
[Loading MPS to PDF converter (version 2006.09.02).]
\scratchcounter=\count134
\scratchdimen=\dimen148
\scratchbox=\box33
\nofMPsegments=\count135
\nofMParguments=\count136
\everyMPshowfont=\toks24
\MPscratchCnt=\count137
\MPscratchDim=\dimen149
\MPnumerator=\count138
\makeMPintoPDFobject=\count139
\everyMPtoPDFconversion=\toks25
)
*geometry* driver: auto-detecting
*geometry* detected driver: pdftex
*geometry* verbose mode - [ preamble ] result:
* driver: pdftex
* paper: <default>
* layout: <same size as paper>
* layoutoffset:(h,v)=(0.0pt,0.0pt)
* modes: includefoot 
* h-part:(L,W,R)=(90.3375pt, 451.68752pt, 72.26999pt)
* v-part:(T,H,B)=(72.26999pt, 650.43001pt, 72.26999pt)
* \paperwidth=614.295pt
* \paperheight=794.96999pt
* \textwidth=451.68752pt
* \textheight=591.65172pt
* \oddsidemargin=18.0675pt
* \evensidemargin=18.0675pt
* \topmargin=-31.8738pt
* \headheight=12.0pt
* \headsep=19.8738pt
* \topskip=12.0pt
* \footskip=58.77829pt
* \marginparwidth=47.0pt
* \marginparsep=7.0pt
* \columnsep=10.0pt
* \skip\footins=10.8pt plus 4.0pt minus 2.0pt
* \hoffset=0.0pt
* \voffset=0.0pt
* \mag=1000
* \@twocolumnfalse
* \@twosidefalse
* \@mparswitchfalse
* \@reversemarginfalse
* (1in=72.27pt=25.4mm, 1cm=28.453pt)

Package caption Info: Begin \AtBeginDocument code.
Package caption Info: subfig package 1.2 or 1.3 is loaded.
Package caption Info: listings package is loaded.
Package caption Info: End \AtBeginDocument code.
\c@ncsu@appendixtocdepth=\count140
\c@lstlisting=\count141
("C:\Users\Shishir\Masters Thesis\ncsuthesis-0.4\front.tex"
Underfull \hbox (badness 10000) in paragraph at lines 2--2

 []

[1





{C:/ProgramData/MiKTeX/2.9/pdftex/config/pdftex.map}] [1

] [1

] [2


] [3


]
[4


] ("C:\Users\Shishir\Masters Thesis\ncsuthesis-0.4\YourName-thesis.toc")
\tf@toc=\write3

[5

] ("C:\Users\Shishir\Masters Thesis\ncsuthesis-0.4\YourName-thesis.lot")
\tf@lot=\write4

[6

] ("C:\Users\Shishir\Masters Thesis\ncsuthesis-0.4\YourName-thesis.lof")
\tf@lof=\write5

[7

]) ("C:\Users\Shishir\Masters Thesis\ncsuthesis-0.4\Chapter-1/Chapter-1.tex"
Chapter 1.
Missing character: There is no ‚ in font cmr12!
Missing character: There is no Ä in font cmr12!
Missing character: There is no ú in font cmr12!
Missing character: There is no ‚ in font cmr12!
Missing character: There is no Ä in font cmr12!
Missing character: There is no ù in font cmr12!
Missing character: There is no ‚ in font cmr12!
Missing character: There is no Ä in font cmr12!
Missing character: There is no ú in font cmr12!
Missing character: There is no ‚ in font cmr12!
Missing character: There is no Ä in font cmr12!
Missing character: There is no ù in font cmr12!
[1





]
Missing character: There is no ‚ in font cmr12!
Missing character: There is no Ä in font cmr12!
Missing character: There is no ú in font cmr12!
Missing character: There is no ‚ in font cmr12!
Missing character: There is no Ä in font cmr12!
Missing character: There is no ù in font cmr12!
 [2]) [3]
("C:\Users\Shishir\Masters Thesis\ncsuthesis-0.4\Chapter-2/Chapter-2.tex"
Chapter 2.
[4



] [5] [6]
Missing character: There is no ‚ in font cmr12!
Missing character: There is no Ä in font cmr12!
Missing character: There is no ò in font cmr12!
Missing character: There is no ‚ in font cmr12!
Missing character: There is no Ä in font cmr12!
Missing character: There is no ô in font cmr12!
 [7]
Missing character: There is no ‚ in font cmr12!
Missing character: There is no Ä in font cmr12!
Missing character: There is no ò in font cmr12!
Missing character: There is no ‚ in font cmr12!
Missing character: There is no Ä in font cmr12!
Missing character: There is no ô in font cmr12!
Missing character: There is no ‚ in font cmr12!
Missing character: There is no Ä in font cmr12!
Missing character: There is no ô in font cmr12!
Missing character: There is no ‚ in font cmr12!
Missing character: There is no Ä in font cmr12!
Missing character: There is no ô in font cmr12!
Missing character: There is no ‚ in font cmr12!
Missing character: There is no Ä in font cmr12!
Missing character: There is no ô in font cmr12!
 [8]
Missing character: There is no ‚ in font cmr12!
Missing character: There is no Ä in font cmr12!
Missing character: There is no ò in font cmr12!
Missing character: There is no ‚ in font cmr12!
Missing character: There is no Ä in font cmr12!
Missing character: There is no ô in font cmr12!
) [9]
("C:\Users\Shishir\Masters Thesis\ncsuthesis-0.4\Chapter-3/Chapter-3.tex"
Chapter 3.
Missing character: There is no ‚ in font cmr12!
Missing character: There is no Ä in font cmr12!
Missing character: There is no ô in font cmr12!
[10



]
Missing character: There is no ‚ in font cmr12!
Missing character: There is no Ä in font cmr12!
Missing character: There is no ú in font cmr12!
Missing character: There is no ‚ in font cmr12!
Missing character: There is no Ä in font cmr12!
Missing character: There is no ù in font cmr12!
Missing character: There is no ‚ in font cmr12!
Missing character: There is no Ä in font cmr12!
Missing character: There is no ú in font cmr12!
Missing character: There is no ‚ in font cmr12!
Missing character: There is no Ä in font cmr12!
Missing character: There is no ù in font cmr12!
Missing character: There is no ‚ in font cmr12!
Missing character: There is no Ä in font cmr12!
Missing character: There is no ú in font cmr12!
Missing character: There is no ‚ in font cmr12!
Missing character: There is no Ä in font cmr12!
Missing character: There is no ù in font cmr12!
 [11]
Missing character: There is no ‚ in font cmr12!
Missing character: There is no Ä in font cmr12!
Missing character: There is no ô in font cmr12!
 [12] [13]) [14]
("C:\Users\Shishir\Masters Thesis\ncsuthesis-0.4\Chapter-4/Chapter-4.tex"
Chapter 4.
[15



] [16] ("C:\Program Files (x86)\MiKTeX 2.9\tex\latex\listings\lstlang1.sty"
File: lstlang1.sty 2004/09/05 1.3 listings language file
) ("C:\Program Files (x86)\MiKTeX 2.9\tex\latex\listings\lstlang2.sty"
File: lstlang2.sty 2004/09/05 1.3 listings language file
) [17]
LaTeX Font Info:    Try loading font information for OML+cmr on input line 54.

("C:\Program Files (x86)\MiKTeX 2.9\tex\latex\base\omlcmr.fd"
File: omlcmr.fd 1999/05/25 v2.5h Standard LaTeX font definitions
)
LaTeX Font Info:    Font shape `OML/cmr/m/n' in size <10> not available
(Font)              Font shape `OML/cmm/m/it' tried instead on input line 54.
 [18]) [19]
("C:\Users\Shishir\Masters Thesis\ncsuthesis-0.4\Chapter-5/Chapter-5.tex"
Chapter 5.

Overfull \hbox (4.91888pt too wide) in paragraph at lines 18--19
\OT1/cmr/m/n/12 our Mod-i-fied KMeans al-go-rithm against a pub-lished al-go-ri
thm called SUMMALLTEXT[[]].
 []

[20



]
<Chapter-5/figs/evaluation_app_arch.jpg, id=101, 796.9775pt x 557.08125pt>
File: Chapter-5/figs/evaluation_app_arch.jpg Graphic file (type jpg)

<use Chapter-5/figs/evaluation_app_arch.jpg>
Package pdftex.def Info: Chapter-5/figs/evaluation_app_arch.jpg used on input l
ine 25.
(pdftex.def)             Requested size: 406.516pt x 284.15018pt.
 [21 <C:/Users/Shishir/Masters Thesis/ncsuthesis-0.4/Chapter-5/figs/evaluation_
app_arch.jpg>] [22] [23] [24])
[25] ("C:\Users\Shishir\Masters Thesis\ncsuthesis-0.4\Chapter-6/Chapter-6.tex"
Chapter 6.
[26



] [27]

Package natbib Warning: Citation `Barzilay:1999:IFC:1034678.1034760' on page 28
 undefined on input line 20.

) [28] ("C:\Users\Shishir\Masters Thesis\ncsuthesis-0.4\YourName-thesis.bbl"
Underfull \hbox (badness 1320) in paragraph at lines 34--43
[]\OT1/cmr/m/n/12 Jeffrey Nichols, Jalal Mah-mud, and Clemens Drews.  Sum-ma-ri
z-ing sport-ing
 []


Underfull \hbox (badness 1694) in paragraph at lines 74--82
[]\OT1/cmr/m/n/12 Beaux Shar-ifi, Mark-Anthony Hut-ton, and Ju-gal Kalita.  Sum
-ma-riz-ing mi-
 []


Underfull \hbox (badness 1043) in paragraph at lines 74--82
\OT1/cmr/m/n/12 croblogs au-to-mat-i-cally.  In \OT1/cmr/m/it/12 Hu-man Lan-gua
ge Tech-nolo-gies: The 2010 An-nual
 []


Underfull \hbox (badness 2351) in paragraph at lines 74--82
\OT1/cmr/m/it/12 Con-fer-ence of the North Amer-i-can Chap-ter of the As-so-ci-
a-tion for Com-pu-
 []


Underfull \hbox (badness 1888) in paragraph at lines 74--82
\OT1/cmr/m/it/12 ta-tional Lin-guis-tics\OT1/cmr/m/n/12 , HLT '10, pages 685--6
88, Strouds-burg, PA, USA, 2010.
 []


Underfull \hbox (badness 5133) in paragraph at lines 74--82
\OT1/cmr/m/n/12 As-so-ci-a-tion for Com-pu-ta-tional Lin-guis-tics.  ISBN 1-932
432-65-5.  URL
 []

[29


]) [30] [31

]
("C:\Users\Shishir\Masters Thesis\ncsuthesis-0.4\Appendix-A/Appendix-A.tex"
Appendix A.
) [32



]
("C:\Users\Shishir\Masters Thesis\ncsuthesis-0.4\Appendix-A/Appendix-B.tex"
Appendix B.

Overfull \hbox (2.83693pt too wide) in paragraph at lines 3--4
\OT1/cmr/m/n/12 "a" ,"able" ,"about" ,"above" ,"abst" ,"ac-cor-dance" ,"ac-cord
-ing" ,"ac-cord-ingly" ,"across"
 []


Overfull \hbox (5.12163pt too wide) in paragraph at lines 3--4
\OT1/cmr/m/n/12 ing" ,"be-lieve" ,"be-low" ,"be-side" ,"be-sides" ,"be-tween" ,
"be-yond" ,"biol" ,"both" ,"brief"
 []


Overfull \hbox (10.99657pt too wide) in paragraph at lines 3--4
\OT1/cmr/m/n/12 tains" ,"could" ,"couldnt" ,"d" ,"date" ,"did" ,"didn't" ,"dif-
fer-ent" ,"do" ,"does" ,"doesn't"
 []


Overfull \hbox (2.37999pt too wide) in paragraph at lines 3--4
\OT1/cmr/m/n/12 ery-one" ,"ev-ery-thing" ,"ev-ery-where" ,"ex" ,"ex-cept" ,"f" 
,"far" ,"few" ,"ff" ,"fifth" ,"first"
 []


Overfull \hbox (9.69102pt too wide) in paragraph at lines 3--4
\OT1/cmr/m/n/12 ,"once" ,"one" ,"ones" ,"only" ,"onto" ,"or" ,"ord" ,"other" ,"
oth-ers" ,"oth-er-wise" ,"ought"
 []


Overfull \hbox (6.10078pt too wide) in paragraph at lines 3--4
\OT1/cmr/m/n/12 ,"present" ,"pre-vi-ously" ,"pri-mar-ily" ,"prob-a-bly" ,"promp
tly" ,"proud" ,"pro-vides" ,"put"
 []


Overfull \hbox (1.66194pt too wide) in paragraph at lines 3--4
\OT1/cmr/m/n/12 ,"shown" ,"showns" ,"shows" ,"sig-nif-i-cant" ,"sig-nif-i-cantl
y" ,"sim-i-lar" ,"sim-i-larly" ,"since"
 []


Overfull \hbox (4.86052pt too wide) in paragraph at lines 3--4
\OT1/cmr/m/n/12 ,"six" ,"slightly" ,"so" ,"some" ,"some-body" ,"some-how" ,"som
e-one" ,"somethan" ,"some-
 []


Overfull \hbox (10.08269pt too wide) in paragraph at lines 3--4
\OT1/cmr/m/n/12 ,"that" ,"that'll" ,"thats" ,"that've" ,"the" ,"their" ,"theirs
" ,"them" ,"them-selves" ,"then"
 []


Overfull \hbox (13.21599pt too wide) in paragraph at lines 3--4
\OT1/cmr/m/n/12 ,"thereof" ,"therere" ,"theres" ,"thereto" ,"there-upon" ,"ther
e've" ,"these" ,"they" ,"theyd"
 []


Overfull \hbox (2.0536pt too wide) in paragraph at lines 3--4
\OT1/cmr/m/n/12 ,"whither" ,"who" ,"whod" ,"who-ever" ,"whole" ,"who'll" ,"whom
" ,"whomever" ,"whos"
 []


Overfull \hbox (16.8715pt too wide) in paragraph at lines 3--4
\OT1/cmr/m/n/12 ,"whose" ,"why" ,"widely" ,"will-ing" ,"wish" ,"with" ,"within"
 ,"with-out" ,"won't" ,"words"
 []

[33



] [34] [35]) [36]

Package natbib Warning: There were undefined citations.

("C:\Users\Shishir\Masters Thesis\ncsuthesis-0.4\YourName-thesis.aux"
("C:\Users\Shishir\Masters Thesis\ncsuthesis-0.4\front.aux")
("C:\Users\Shishir\Masters Thesis\ncsuthesis-0.4\Chapter-1/Chapter-1.aux")
("C:\Users\Shishir\Masters Thesis\ncsuthesis-0.4\Chapter-2/Chapter-2.aux")
("C:\Users\Shishir\Masters Thesis\ncsuthesis-0.4\Chapter-3/Chapter-3.aux")
("C:\Users\Shishir\Masters Thesis\ncsuthesis-0.4\Chapter-4/Chapter-4.aux")
("C:\Users\Shishir\Masters Thesis\ncsuthesis-0.4\Chapter-5/Chapter-5.aux")
("C:\Users\Shishir\Masters Thesis\ncsuthesis-0.4\Chapter-6/Chapter-6.aux")
("C:\Users\Shishir\Masters Thesis\ncsuthesis-0.4\Appendix-A/Appendix-A.aux")
("C:\Users\Shishir\Masters Thesis\ncsuthesis-0.4\Appendix-A/Appendix-B.aux")) )
 
Here is how much of TeX's memory you used:
 7439 strings out of 494045
 110894 string characters out of 3145963
 294051 words of memory out of 3000000
 10527 multiletter control sequences out of 15000+200000
 10837 words of font info for 39 fonts, out of 3000000 for 9000
 715 hyphenation exceptions out of 8191
 43i,9n,45p,6315b,1185s stack positions out of 5000i,500n,10000p,200000b,50000s
 <C:\Users\Shishir\AppData\Local\MiKTeX\2.9\fonts\pk\ljfour\jknappen\ec\dpi600\
tcrm1200.pk><C:/Program Files (x86)/MiKTeX 2.9/fonts/type1/public/amsfonts/cm/c
mbx10.pfb><C:/Program Files (x86)/MiKTeX 2.9/fonts/type1/public/amsfonts/cm/cmb
x12.pfb><C:/Program Files (x86)/MiKTeX 2.9/fonts/type1/public/amsfonts/cm/cmmi1
0.pfb><C:/Program Files (x86)/MiKTeX 2.9/fonts/type1/public/amsfonts/cm/cmmi12.
pfb><C:/Program Files (x86)/MiKTeX 2.9/fonts/type1/public/amsfonts/cm/cmr10.pfb
><C:/Program Files (x86)/MiKTeX 2.9/fonts/type1/public/amsfonts/cm/cmr12.pfb><C
:/Program Files (x86)/MiKTeX 2.9/fonts/type1/public/amsfonts/cm/cmr8.pfb><C:/Pr
ogram Files (x86)/MiKTeX 2.9/fonts/type1/public/amsfonts/cm/cmsy10.pfb><C:/Prog
ram Files (x86)/MiKTeX 2.9/fonts/type1/public/amsfonts/cm/cmti10.pfb><C:/Progra
m Files (x86)/MiKTeX 2.9/fonts/type1/public/amsfonts/cm/cmti12.pfb><C:/Program 
Files (x86)/MiKTeX 2.9/fonts/type1/public/amsfonts/cm/cmtt12.pfb>
Output written on YourName-thesis.pdf (45 pages, 242335 bytes).
PDF statistics:
 198 PDF objects out of 1000 (max. 8388607)
 0 named destinations out of 1000 (max. 500000)
 6 words of extra memory for PDF output out of 10000 (max. 10000000)

